<?xml version="1.0" encoding="UTF-8" ?>
<testsuite tests="9" failures="2" name="TestSuite" time="58.563" errors="0" skipped="0">
  <properties>
    <property name="java.runtime.name" value="Java(TM) SE Runtime Environment"/>
    <property name="sun.boot.library.path" value="C:\Program Files\Java\jdk1.8.0_144\jre\bin"/>
    <property name="java.vm.version" value="25.144-b01"/>
    <property name="java.vm.vendor" value="Oracle Corporation"/>
    <property name="java.vendor.url" value="http://java.oracle.com/"/>
    <property name="path.separator" value=";"/>
    <property name="java.vm.name" value="Java HotSpot(TM) 64-Bit Server VM"/>
    <property name="file.encoding.pkg" value="sun.io"/>
    <property name="user.script" value=""/>
    <property name="user.country" value="US"/>
    <property name="sun.java.launcher" value="SUN_STANDARD"/>
    <property name="sun.os.patch.level" value=""/>
    <property name="java.vm.specification.name" value="Java Virtual Machine Specification"/>
    <property name="user.dir" value="D:\Projects\NewGmailReport"/>
    <property name="java.runtime.version" value="1.8.0_144-b01"/>
    <property name="java.awt.graphicsenv" value="sun.awt.Win32GraphicsEnvironment"/>
    <property name="basedir" value="D:\Projects\NewGmailReport"/>
    <property name="java.endorsed.dirs" value="C:\Program Files\Java\jdk1.8.0_144\jre\lib\endorsed"/>
    <property name="os.arch" value="amd64"/>
    <property name="surefire.real.class.path" value="C:\Users\IRYNA_~1\AppData\Local\Temp\surefirebooter7817552586639978895.jar"/>
    <property name="java.io.tmpdir" value="C:\Users\IRYNA_~1\AppData\Local\Temp\"/>
    <property name="line.separator" value="
"/>
    <property name="java.vm.specification.vendor" value="Oracle Corporation"/>
    <property name="user.variant" value=""/>
    <property name="os.name" value="Windows 10"/>
    <property name="sun.jnu.encoding" value="Cp1251"/>
    <property name="java.library.path" value="C:\Program Files\Java\jdk1.8.0_144\jre\bin;C:\WINDOWS\Sun\Java\bin;C:\WINDOWS\system32;C:\WINDOWS;C:\ProgramData\Oracle\Java\javapath;C:\WINDOWS\system32;C:\WINDOWS;C:\WINDOWS\System32\Wbem;C:\WINDOWS\System32\WindowsPowerShell\v1.0\;C:\Program Files\TortoiseSVN\bin;C:\Program Files (x86)\Skype\Phone\;C:\Program Files (x86)\Brackets\command;C:\Program Files\Git\cmd;C:\Program Files\Git\bin);C:\Program Files\TortoiseGit\bin;C:\Program Files\maven\\bin;C:\Program Files\Java\jdk1.8.0_144;C:\Users\Iryna_Alyeksyeyeva\AppData\Local\Microsoft\WindowsApps;C:\Program Files\Git\bin);;."/>
    <property name="surefire.test.class.path" value="D:\Projects\NewGmailReport\target\test-classes;D:\Projects\NewGmailReport\target\classes;C:\Users\Iryna_Alyeksyeyeva\.m2\repository\org\seleniumhq\selenium\selenium-java\3.6.0\selenium-java-3.6.0.jar;C:\Users\Iryna_Alyeksyeyeva\.m2\repository\org\seleniumhq\selenium\selenium-api\3.6.0\selenium-api-3.6.0.jar;C:\Users\Iryna_Alyeksyeyeva\.m2\repository\org\seleniumhq\selenium\selenium-chrome-driver\3.6.0\selenium-chrome-driver-3.6.0.jar;C:\Users\Iryna_Alyeksyeyeva\.m2\repository\org\seleniumhq\selenium\selenium-edge-driver\3.6.0\selenium-edge-driver-3.6.0.jar;C:\Users\Iryna_Alyeksyeyeva\.m2\repository\org\seleniumhq\selenium\selenium-firefox-driver\3.6.0\selenium-firefox-driver-3.6.0.jar;C:\Users\Iryna_Alyeksyeyeva\.m2\repository\org\seleniumhq\selenium\selenium-ie-driver\3.6.0\selenium-ie-driver-3.6.0.jar;C:\Users\Iryna_Alyeksyeyeva\.m2\repository\org\seleniumhq\selenium\selenium-opera-driver\3.6.0\selenium-opera-driver-3.6.0.jar;C:\Users\Iryna_Alyeksyeyeva\.m2\repository\org\seleniumhq\selenium\selenium-remote-driver\3.6.0\selenium-remote-driver-3.6.0.jar;C:\Users\Iryna_Alyeksyeyeva\.m2\repository\org\seleniumhq\selenium\selenium-safari-driver\3.6.0\selenium-safari-driver-3.6.0.jar;C:\Users\Iryna_Alyeksyeyeva\.m2\repository\org\seleniumhq\selenium\selenium-support\3.6.0\selenium-support-3.6.0.jar;C:\Users\Iryna_Alyeksyeyeva\.m2\repository\net\bytebuddy\byte-buddy\1.7.5\byte-buddy-1.7.5.jar;C:\Users\Iryna_Alyeksyeyeva\.m2\repository\org\apache\commons\commons-exec\1.3\commons-exec-1.3.jar;C:\Users\Iryna_Alyeksyeyeva\.m2\repository\commons-codec\commons-codec\1.10\commons-codec-1.10.jar;C:\Users\Iryna_Alyeksyeyeva\.m2\repository\commons-logging\commons-logging\1.2\commons-logging-1.2.jar;C:\Users\Iryna_Alyeksyeyeva\.m2\repository\com\google\code\gson\gson\2.8.0\gson-2.8.0.jar;C:\Users\Iryna_Alyeksyeyeva\.m2\repository\com\google\guava\guava\23.0\guava-23.0.jar;C:\Users\Iryna_Alyeksyeyeva\.m2\repository\com\google\code\findbugs\jsr305\1.3.9\jsr305-1.3.9.jar;C:\Users\Iryna_Alyeksyeyeva\.m2\repository\com\google\errorprone\error_prone_annotations\2.0.18\error_prone_annotations-2.0.18.jar;C:\Users\Iryna_Alyeksyeyeva\.m2\repository\com\google\j2objc\j2objc-annotations\1.1\j2objc-annotations-1.1.jar;C:\Users\Iryna_Alyeksyeyeva\.m2\repository\org\codehaus\mojo\animal-sniffer-annotations\1.14\animal-sniffer-annotations-1.14.jar;C:\Users\Iryna_Alyeksyeyeva\.m2\repository\org\apache\httpcomponents\httpclient\4.5.3\httpclient-4.5.3.jar;C:\Users\Iryna_Alyeksyeyeva\.m2\repository\org\apache\httpcomponents\httpcore\4.4.6\httpcore-4.4.6.jar;C:\Users\Iryna_Alyeksyeyeva\.m2\repository\net\java\dev\jna\jna\4.1.0\jna-4.1.0.jar;C:\Users\Iryna_Alyeksyeyeva\.m2\repository\net\java\dev\jna\jna-platform\4.1.0\jna-platform-4.1.0.jar;C:\Users\Iryna_Alyeksyeyeva\.m2\repository\org\seleniumhq\selenium\selenium-server\3.6.0\selenium-server-3.6.0.jar;C:\Users\Iryna_Alyeksyeyeva\.m2\repository\com\beust\jcommander\1.48\jcommander-1.48.jar;C:\Users\Iryna_Alyeksyeyeva\.m2\repository\org\apache\commons\commons-lang3\3.5\commons-lang3-3.5.jar;C:\Users\Iryna_Alyeksyeyeva\.m2\repository\commons-io\commons-io\2.5\commons-io-2.5.jar;C:\Users\Iryna_Alyeksyeyeva\.m2\repository\org\w3c\css\sac\1.3\sac-1.3.jar;C:\Users\Iryna_Alyeksyeyeva\.m2\repository\net\sourceforge\cssparser\cssparser\0.9.23\cssparser-0.9.23.jar;C:\Users\Iryna_Alyeksyeyeva\.m2\repository\net\sourceforge\htmlunit\htmlunit\2.27\htmlunit-2.27.jar;C:\Users\Iryna_Alyeksyeyeva\.m2\repository\net\sourceforge\htmlunit\htmlunit-core-js\2.27\htmlunit-core-js-2.27.jar;C:\Users\Iryna_Alyeksyeyeva\.m2\repository\net\sourceforge\htmlunit\neko-htmlunit\2.27\neko-htmlunit-2.27.jar;C:\Users\Iryna_Alyeksyeyeva\.m2\repository\org\apache\httpcomponents\httpmime\4.5.3\httpmime-4.5.3.jar;C:\Users\Iryna_Alyeksyeyeva\.m2\repository\net\jcip\jcip-annotations\1.0\jcip-annotations-1.0.jar;C:\Users\Iryna_Alyeksyeyeva\.m2\repository\org\seleniumhq\selenium\jetty-repacked\9.4.5.v20170502\jetty-repacked-9.4.5.v20170502.jar;C:\Users\Iryna_Alyeksyeyeva\.m2\repository\org\eclipse\jetty\jetty-client\9.4.5.v20170502\jetty-client-9.4.5.v20170502.jar;C:\Users\Iryna_Alyeksyeyeva\.m2\repository\org\eclipse\jetty\jetty-http\9.4.5.v20170502\jetty-http-9.4.5.v20170502.jar;C:\Users\Iryna_Alyeksyeyeva\.m2\repository\org\eclipse\jetty\jetty-io\9.4.5.v20170502\jetty-io-9.4.5.v20170502.jar;C:\Users\Iryna_Alyeksyeyeva\.m2\repository\org\eclipse\jetty\jetty-util\9.4.5.v20170502\jetty-util-9.4.5.v20170502.jar;C:\Users\Iryna_Alyeksyeyeva\.m2\repository\com\codeborne\phantomjsdriver\1.4.0\phantomjsdriver-1.4.0.jar;C:\Users\Iryna_Alyeksyeyeva\.m2\repository\org\seleniumhq\selenium\htmlunit-driver\2.27\htmlunit-driver-2.27.jar;C:\Users\Iryna_Alyeksyeyeva\.m2\repository\javax\servlet\javax.servlet-api\3.1.0\javax.servlet-api-3.1.0.jar;C:\Users\Iryna_Alyeksyeyeva\.m2\repository\org\eclipse\jetty\websocket\websocket-api\9.4.5.v20170502\websocket-api-9.4.5.v20170502.jar;C:\Users\Iryna_Alyeksyeyeva\.m2\repository\org\eclipse\jetty\websocket\websocket-client\9.4.5.v20170502\websocket-client-9.4.5.v20170502.jar;C:\Users\Iryna_Alyeksyeyeva\.m2\repository\org\eclipse\jetty\websocket\websocket-common\9.4.5.v20170502\websocket-common-9.4.5.v20170502.jar;C:\Users\Iryna_Alyeksyeyeva\.m2\repository\xalan\serializer\2.7.2\serializer-2.7.2.jar;C:\Users\Iryna_Alyeksyeyeva\.m2\repository\xalan\xalan\2.7.2\xalan-2.7.2.jar;C:\Users\Iryna_Alyeksyeyeva\.m2\repository\xerces\xercesImpl\2.11.0\xercesImpl-2.11.0.jar;C:\Users\Iryna_Alyeksyeyeva\.m2\repository\xml-apis\xml-apis\1.4.01\xml-apis-1.4.01.jar;C:\Users\Iryna_Alyeksyeyeva\.m2\repository\org\yaml\snakeyaml\1.15\snakeyaml-1.15.jar;C:\Users\Iryna_Alyeksyeyeva\.m2\repository\log4j\log4j\1.2.17\log4j-1.2.17.jar;C:\Users\Iryna_Alyeksyeyeva\.m2\repository\com\sun\xml\bind\jaxb-core\2.2.8-b01\jaxb-core-2.2.8-b01.jar;C:\Users\Iryna_Alyeksyeyeva\.m2\repository\javax\xml\bind\jaxb-api\2.2.9\jaxb-api-2.2.9.jar;C:\Users\Iryna_Alyeksyeyeva\.m2\repository\com\sun\istack\istack-commons-runtime\2.16\istack-commons-runtime-2.16.jar;C:\Users\Iryna_Alyeksyeyeva\.m2\repository\com\sun\xml\bind\jaxb-impl\2.2.6\jaxb-impl-2.2.6.jar;C:\Users\Iryna_Alyeksyeyeva\.m2\repository\org\testng\testng\6.11\testng-6.11.jar;C:\Users\Iryna_Alyeksyeyeva\.m2\repository\org\apache\maven\plugins\maven-surefire-plugin\2.20.1\maven-surefire-plugin-2.20.1.jar;C:\Users\Iryna_Alyeksyeyeva\.m2\repository\org\apache\maven\surefire\maven-surefire-common\2.20.1\maven-surefire-common-2.20.1.jar;C:\Users\Iryna_Alyeksyeyeva\.m2\repository\org\apache\maven\maven-plugin-api\2.2.1\maven-plugin-api-2.2.1.jar;C:\Users\Iryna_Alyeksyeyeva\.m2\repository\org\apache\maven\plugin-tools\maven-plugin-annotations\3.3\maven-plugin-annotations-3.3.jar;C:\Users\Iryna_Alyeksyeyeva\.m2\repository\org\apache\maven\surefire\surefire-api\2.20.1\surefire-api-2.20.1.jar;C:\Users\Iryna_Alyeksyeyeva\.m2\repository\org\apache\maven\surefire\surefire-logger-api\2.20.1\surefire-logger-api-2.20.1.jar;C:\Users\Iryna_Alyeksyeyeva\.m2\repository\org\apache\maven\surefire\surefire-booter\2.20.1\surefire-booter-2.20.1.jar;C:\Users\Iryna_Alyeksyeyeva\.m2\repository\org\apache\maven\maven-artifact\2.2.1\maven-artifact-2.2.1.jar;C:\Users\Iryna_Alyeksyeyeva\.m2\repository\org\codehaus\plexus\plexus-utils\1.5.15\plexus-utils-1.5.15.jar;C:\Users\Iryna_Alyeksyeyeva\.m2\repository\org\apache\maven\maven-plugin-descriptor\2.2.1\maven-plugin-descriptor-2.2.1.jar;C:\Users\Iryna_Alyeksyeyeva\.m2\repository\org\codehaus\plexus\plexus-container-default\1.0-alpha-9-stable-1\plexus-container-default-1.0-alpha-9-stable-1.jar;C:\Users\Iryna_Alyeksyeyeva\.m2\repository\junit\junit\3.8.1\junit-3.8.1.jar;C:\Users\Iryna_Alyeksyeyeva\.m2\repository\org\apache\maven\maven-project\2.2.1\maven-project-2.2.1.jar;C:\Users\Iryna_Alyeksyeyeva\.m2\repository\org\apache\maven\maven-settings\2.2.1\maven-settings-2.2.1.jar;C:\Users\Iryna_Alyeksyeyeva\.m2\repository\org\apache\maven\maven-profile\2.2.1\maven-profile-2.2.1.jar;C:\Users\Iryna_Alyeksyeyeva\.m2\repository\org\apache\maven\maven-artifact-manager\2.2.1\maven-artifact-manager-2.2.1.jar;C:\Users\Iryna_Alyeksyeyeva\.m2\repository\backport-util-concurrent\backport-util-concurrent\3.1\backport-util-concurrent-3.1.jar;C:\Users\Iryna_Alyeksyeyeva\.m2\repository\org\apache\maven\maven-plugin-registry\2.2.1\maven-plugin-registry-2.2.1.jar;C:\Users\Iryna_Alyeksyeyeva\.m2\repository\org\codehaus\plexus\plexus-interpolation\1.11\plexus-interpolation-1.11.jar;C:\Users\Iryna_Alyeksyeyeva\.m2\repository\org\apache\maven\maven-model\2.2.1\maven-model-2.2.1.jar;C:\Users\Iryna_Alyeksyeyeva\.m2\repository\org\apache\maven\maven-core\2.2.1\maven-core-2.2.1.jar;C:\Users\Iryna_Alyeksyeyeva\.m2\repository\org\apache\maven\maven-plugin-parameter-documenter\2.2.1\maven-plugin-parameter-documenter-2.2.1.jar;C:\Users\Iryna_Alyeksyeyeva\.m2\repository\org\apache\maven\wagon\wagon-http\1.0-beta-6\wagon-http-1.0-beta-6.jar;C:\Users\Iryna_Alyeksyeyeva\.m2\repository\org\apache\maven\wagon\wagon-http-shared\1.0-beta-6\wagon-http-shared-1.0-beta-6.jar;C:\Users\Iryna_Alyeksyeyeva\.m2\repository\nekohtml\xercesMinimal\1.9.6.2\xercesMinimal-1.9.6.2.jar;C:\Users\Iryna_Alyeksyeyeva\.m2\repository\nekohtml\nekohtml\1.9.6.2\nekohtml-1.9.6.2.jar;C:\Users\Iryna_Alyeksyeyeva\.m2\repository\commons-httpclient\commons-httpclient\3.1\commons-httpclient-3.1.jar;C:\Users\Iryna_Alyeksyeyeva\.m2\repository\org\apache\maven\wagon\wagon-webdav-jackrabbit\1.0-beta-6\wagon-webdav-jackrabbit-1.0-beta-6.jar;C:\Users\Iryna_Alyeksyeyeva\.m2\repository\org\apache\jackrabbit\jackrabbit-webdav\1.5.0\jackrabbit-webdav-1.5.0.jar;C:\Users\Iryna_Alyeksyeyeva\.m2\repository\org\apache\jackrabbit\jackrabbit-jcr-commons\1.5.0\jackrabbit-jcr-commons-1.5.0.jar;C:\Users\Iryna_Alyeksyeyeva\.m2\repository\org\slf4j\slf4j-nop\1.5.3\slf4j-nop-1.5.3.jar;C:\Users\Iryna_Alyeksyeyeva\.m2\repository\org\slf4j\slf4j-jdk14\1.5.6\slf4j-jdk14-1.5.6.jar;C:\Users\Iryna_Alyeksyeyeva\.m2\repository\org\slf4j\slf4j-api\1.5.6\slf4j-api-1.5.6.jar;C:\Users\Iryna_Alyeksyeyeva\.m2\repository\org\slf4j\jcl-over-slf4j\1.5.6\jcl-over-slf4j-1.5.6.jar;C:\Users\Iryna_Alyeksyeyeva\.m2\repository\org\apache\maven\reporting\maven-reporting-api\2.2.1\maven-reporting-api-2.2.1.jar;C:\Users\Iryna_Alyeksyeyeva\.m2\repository\org\apache\maven\doxia\doxia-logging-api\1.1\doxia-logging-api-1.1.jar;C:\Users\Iryna_Alyeksyeyeva\.m2\repository\org\apache\maven\wagon\wagon-provider-api\1.0-beta-6\wagon-provider-api-1.0-beta-6.jar;C:\Users\Iryna_Alyeksyeyeva\.m2\repository\org\apache\maven\maven-repository-metadata\2.2.1\maven-repository-metadata-2.2.1.jar;C:\Users\Iryna_Alyeksyeyeva\.m2\repository\org\apache\maven\maven-error-diagnostics\2.2.1\maven-error-diagnostics-2.2.1.jar;C:\Users\Iryna_Alyeksyeyeva\.m2\repository\org\apache\maven\maven-monitor\2.2.1\maven-monitor-2.2.1.jar;C:\Users\Iryna_Alyeksyeyeva\.m2\repository\classworlds\classworlds\1.1\classworlds-1.1.jar;C:\Users\Iryna_Alyeksyeyeva\.m2\repository\org\sonatype\plexus\plexus-sec-dispatcher\1.3\plexus-sec-dispatcher-1.3.jar;C:\Users\Iryna_Alyeksyeyeva\.m2\repository\org\sonatype\plexus\plexus-cipher\1.4\plexus-cipher-1.4.jar;C:\Users\Iryna_Alyeksyeyeva\.m2\repository\org\apache\maven\maven-toolchain\2.2.1\maven-toolchain-2.2.1.jar;C:\Users\Iryna_Alyeksyeyeva\.m2\repository\org\uncommons\reportng\1.1.2\reportng-1.1.2.jar;C:\Users\Iryna_Alyeksyeyeva\.m2\repository\velocity\velocity\1.4\velocity-1.4.jar;C:\Users\Iryna_Alyeksyeyeva\.m2\repository\velocity\velocity-dep\1.4\velocity-dep-1.4.jar;C:\Users\Iryna_Alyeksyeyeva\.m2\repository\com\google\inject\guice\3.0\guice-3.0.jar;C:\Users\Iryna_Alyeksyeyeva\.m2\repository\javax\inject\javax.inject\1\javax.inject-1.jar;C:\Users\Iryna_Alyeksyeyeva\.m2\repository\aopalliance\aopalliance\1.0\aopalliance-1.0.jar;"/>
    <property name="java.specification.name" value="Java Platform API Specification"/>
    <property name="java.class.version" value="52.0"/>
    <property name="sun.management.compiler" value="HotSpot 64-Bit Tiered Compilers"/>
    <property name="os.version" value="10.0"/>
    <property name="user.home" value="C:\Users\Iryna_Alyeksyeyeva"/>
    <property name="user.timezone" value="Europe/Helsinki"/>
    <property name="java.awt.printerjob" value="sun.awt.windows.WPrinterJob"/>
    <property name="java.specification.version" value="1.8"/>
    <property name="file.encoding" value="Cp1251"/>
    <property name="user.name" value="Iryna_Alyeksyeyeva"/>
    <property name="java.class.path" value="D:\Projects\NewGmailReport\target\test-classes;D:\Projects\NewGmailReport\target\classes;C:\Users\Iryna_Alyeksyeyeva\.m2\repository\org\seleniumhq\selenium\selenium-java\3.6.0\selenium-java-3.6.0.jar;C:\Users\Iryna_Alyeksyeyeva\.m2\repository\org\seleniumhq\selenium\selenium-api\3.6.0\selenium-api-3.6.0.jar;C:\Users\Iryna_Alyeksyeyeva\.m2\repository\org\seleniumhq\selenium\selenium-chrome-driver\3.6.0\selenium-chrome-driver-3.6.0.jar;C:\Users\Iryna_Alyeksyeyeva\.m2\repository\org\seleniumhq\selenium\selenium-edge-driver\3.6.0\selenium-edge-driver-3.6.0.jar;C:\Users\Iryna_Alyeksyeyeva\.m2\repository\org\seleniumhq\selenium\selenium-firefox-driver\3.6.0\selenium-firefox-driver-3.6.0.jar;C:\Users\Iryna_Alyeksyeyeva\.m2\repository\org\seleniumhq\selenium\selenium-ie-driver\3.6.0\selenium-ie-driver-3.6.0.jar;C:\Users\Iryna_Alyeksyeyeva\.m2\repository\org\seleniumhq\selenium\selenium-opera-driver\3.6.0\selenium-opera-driver-3.6.0.jar;C:\Users\Iryna_Alyeksyeyeva\.m2\repository\org\seleniumhq\selenium\selenium-remote-driver\3.6.0\selenium-remote-driver-3.6.0.jar;C:\Users\Iryna_Alyeksyeyeva\.m2\repository\org\seleniumhq\selenium\selenium-safari-driver\3.6.0\selenium-safari-driver-3.6.0.jar;C:\Users\Iryna_Alyeksyeyeva\.m2\repository\org\seleniumhq\selenium\selenium-support\3.6.0\selenium-support-3.6.0.jar;C:\Users\Iryna_Alyeksyeyeva\.m2\repository\net\bytebuddy\byte-buddy\1.7.5\byte-buddy-1.7.5.jar;C:\Users\Iryna_Alyeksyeyeva\.m2\repository\org\apache\commons\commons-exec\1.3\commons-exec-1.3.jar;C:\Users\Iryna_Alyeksyeyeva\.m2\repository\commons-codec\commons-codec\1.10\commons-codec-1.10.jar;C:\Users\Iryna_Alyeksyeyeva\.m2\repository\commons-logging\commons-logging\1.2\commons-logging-1.2.jar;C:\Users\Iryna_Alyeksyeyeva\.m2\repository\com\google\code\gson\gson\2.8.0\gson-2.8.0.jar;C:\Users\Iryna_Alyeksyeyeva\.m2\repository\com\google\guava\guava\23.0\guava-23.0.jar;C:\Users\Iryna_Alyeksyeyeva\.m2\repository\com\google\code\findbugs\jsr305\1.3.9\jsr305-1.3.9.jar;C:\Users\Iryna_Alyeksyeyeva\.m2\repository\com\google\errorprone\error_prone_annotations\2.0.18\error_prone_annotations-2.0.18.jar;C:\Users\Iryna_Alyeksyeyeva\.m2\repository\com\google\j2objc\j2objc-annotations\1.1\j2objc-annotations-1.1.jar;C:\Users\Iryna_Alyeksyeyeva\.m2\repository\org\codehaus\mojo\animal-sniffer-annotations\1.14\animal-sniffer-annotations-1.14.jar;C:\Users\Iryna_Alyeksyeyeva\.m2\repository\org\apache\httpcomponents\httpclient\4.5.3\httpclient-4.5.3.jar;C:\Users\Iryna_Alyeksyeyeva\.m2\repository\org\apache\httpcomponents\httpcore\4.4.6\httpcore-4.4.6.jar;C:\Users\Iryna_Alyeksyeyeva\.m2\repository\net\java\dev\jna\jna\4.1.0\jna-4.1.0.jar;C:\Users\Iryna_Alyeksyeyeva\.m2\repository\net\java\dev\jna\jna-platform\4.1.0\jna-platform-4.1.0.jar;C:\Users\Iryna_Alyeksyeyeva\.m2\repository\org\seleniumhq\selenium\selenium-server\3.6.0\selenium-server-3.6.0.jar;C:\Users\Iryna_Alyeksyeyeva\.m2\repository\com\beust\jcommander\1.48\jcommander-1.48.jar;C:\Users\Iryna_Alyeksyeyeva\.m2\repository\org\apache\commons\commons-lang3\3.5\commons-lang3-3.5.jar;C:\Users\Iryna_Alyeksyeyeva\.m2\repository\commons-io\commons-io\2.5\commons-io-2.5.jar;C:\Users\Iryna_Alyeksyeyeva\.m2\repository\org\w3c\css\sac\1.3\sac-1.3.jar;C:\Users\Iryna_Alyeksyeyeva\.m2\repository\net\sourceforge\cssparser\cssparser\0.9.23\cssparser-0.9.23.jar;C:\Users\Iryna_Alyeksyeyeva\.m2\repository\net\sourceforge\htmlunit\htmlunit\2.27\htmlunit-2.27.jar;C:\Users\Iryna_Alyeksyeyeva\.m2\repository\net\sourceforge\htmlunit\htmlunit-core-js\2.27\htmlunit-core-js-2.27.jar;C:\Users\Iryna_Alyeksyeyeva\.m2\repository\net\sourceforge\htmlunit\neko-htmlunit\2.27\neko-htmlunit-2.27.jar;C:\Users\Iryna_Alyeksyeyeva\.m2\repository\org\apache\httpcomponents\httpmime\4.5.3\httpmime-4.5.3.jar;C:\Users\Iryna_Alyeksyeyeva\.m2\repository\net\jcip\jcip-annotations\1.0\jcip-annotations-1.0.jar;C:\Users\Iryna_Alyeksyeyeva\.m2\repository\org\seleniumhq\selenium\jetty-repacked\9.4.5.v20170502\jetty-repacked-9.4.5.v20170502.jar;C:\Users\Iryna_Alyeksyeyeva\.m2\repository\org\eclipse\jetty\jetty-client\9.4.5.v20170502\jetty-client-9.4.5.v20170502.jar;C:\Users\Iryna_Alyeksyeyeva\.m2\repository\org\eclipse\jetty\jetty-http\9.4.5.v20170502\jetty-http-9.4.5.v20170502.jar;C:\Users\Iryna_Alyeksyeyeva\.m2\repository\org\eclipse\jetty\jetty-io\9.4.5.v20170502\jetty-io-9.4.5.v20170502.jar;C:\Users\Iryna_Alyeksyeyeva\.m2\repository\org\eclipse\jetty\jetty-util\9.4.5.v20170502\jetty-util-9.4.5.v20170502.jar;C:\Users\Iryna_Alyeksyeyeva\.m2\repository\com\codeborne\phantomjsdriver\1.4.0\phantomjsdriver-1.4.0.jar;C:\Users\Iryna_Alyeksyeyeva\.m2\repository\org\seleniumhq\selenium\htmlunit-driver\2.27\htmlunit-driver-2.27.jar;C:\Users\Iryna_Alyeksyeyeva\.m2\repository\javax\servlet\javax.servlet-api\3.1.0\javax.servlet-api-3.1.0.jar;C:\Users\Iryna_Alyeksyeyeva\.m2\repository\org\eclipse\jetty\websocket\websocket-api\9.4.5.v20170502\websocket-api-9.4.5.v20170502.jar;C:\Users\Iryna_Alyeksyeyeva\.m2\repository\org\eclipse\jetty\websocket\websocket-client\9.4.5.v20170502\websocket-client-9.4.5.v20170502.jar;C:\Users\Iryna_Alyeksyeyeva\.m2\repository\org\eclipse\jetty\websocket\websocket-common\9.4.5.v20170502\websocket-common-9.4.5.v20170502.jar;C:\Users\Iryna_Alyeksyeyeva\.m2\repository\xalan\serializer\2.7.2\serializer-2.7.2.jar;C:\Users\Iryna_Alyeksyeyeva\.m2\repository\xalan\xalan\2.7.2\xalan-2.7.2.jar;C:\Users\Iryna_Alyeksyeyeva\.m2\repository\xerces\xercesImpl\2.11.0\xercesImpl-2.11.0.jar;C:\Users\Iryna_Alyeksyeyeva\.m2\repository\xml-apis\xml-apis\1.4.01\xml-apis-1.4.01.jar;C:\Users\Iryna_Alyeksyeyeva\.m2\repository\org\yaml\snakeyaml\1.15\snakeyaml-1.15.jar;C:\Users\Iryna_Alyeksyeyeva\.m2\repository\log4j\log4j\1.2.17\log4j-1.2.17.jar;C:\Users\Iryna_Alyeksyeyeva\.m2\repository\com\sun\xml\bind\jaxb-core\2.2.8-b01\jaxb-core-2.2.8-b01.jar;C:\Users\Iryna_Alyeksyeyeva\.m2\repository\javax\xml\bind\jaxb-api\2.2.9\jaxb-api-2.2.9.jar;C:\Users\Iryna_Alyeksyeyeva\.m2\repository\com\sun\istack\istack-commons-runtime\2.16\istack-commons-runtime-2.16.jar;C:\Users\Iryna_Alyeksyeyeva\.m2\repository\com\sun\xml\bind\jaxb-impl\2.2.6\jaxb-impl-2.2.6.jar;C:\Users\Iryna_Alyeksyeyeva\.m2\repository\org\testng\testng\6.11\testng-6.11.jar;C:\Users\Iryna_Alyeksyeyeva\.m2\repository\org\apache\maven\plugins\maven-surefire-plugin\2.20.1\maven-surefire-plugin-2.20.1.jar;C:\Users\Iryna_Alyeksyeyeva\.m2\repository\org\apache\maven\surefire\maven-surefire-common\2.20.1\maven-surefire-common-2.20.1.jar;C:\Users\Iryna_Alyeksyeyeva\.m2\repository\org\apache\maven\maven-plugin-api\2.2.1\maven-plugin-api-2.2.1.jar;C:\Users\Iryna_Alyeksyeyeva\.m2\repository\org\apache\maven\plugin-tools\maven-plugin-annotations\3.3\maven-plugin-annotations-3.3.jar;C:\Users\Iryna_Alyeksyeyeva\.m2\repository\org\apache\maven\surefire\surefire-api\2.20.1\surefire-api-2.20.1.jar;C:\Users\Iryna_Alyeksyeyeva\.m2\repository\org\apache\maven\surefire\surefire-logger-api\2.20.1\surefire-logger-api-2.20.1.jar;C:\Users\Iryna_Alyeksyeyeva\.m2\repository\org\apache\maven\surefire\surefire-booter\2.20.1\surefire-booter-2.20.1.jar;C:\Users\Iryna_Alyeksyeyeva\.m2\repository\org\apache\maven\maven-artifact\2.2.1\maven-artifact-2.2.1.jar;C:\Users\Iryna_Alyeksyeyeva\.m2\repository\org\codehaus\plexus\plexus-utils\1.5.15\plexus-utils-1.5.15.jar;C:\Users\Iryna_Alyeksyeyeva\.m2\repository\org\apache\maven\maven-plugin-descriptor\2.2.1\maven-plugin-descriptor-2.2.1.jar;C:\Users\Iryna_Alyeksyeyeva\.m2\repository\org\codehaus\plexus\plexus-container-default\1.0-alpha-9-stable-1\plexus-container-default-1.0-alpha-9-stable-1.jar;C:\Users\Iryna_Alyeksyeyeva\.m2\repository\junit\junit\3.8.1\junit-3.8.1.jar;C:\Users\Iryna_Alyeksyeyeva\.m2\repository\org\apache\maven\maven-project\2.2.1\maven-project-2.2.1.jar;C:\Users\Iryna_Alyeksyeyeva\.m2\repository\org\apache\maven\maven-settings\2.2.1\maven-settings-2.2.1.jar;C:\Users\Iryna_Alyeksyeyeva\.m2\repository\org\apache\maven\maven-profile\2.2.1\maven-profile-2.2.1.jar;C:\Users\Iryna_Alyeksyeyeva\.m2\repository\org\apache\maven\maven-artifact-manager\2.2.1\maven-artifact-manager-2.2.1.jar;C:\Users\Iryna_Alyeksyeyeva\.m2\repository\backport-util-concurrent\backport-util-concurrent\3.1\backport-util-concurrent-3.1.jar;C:\Users\Iryna_Alyeksyeyeva\.m2\repository\org\apache\maven\maven-plugin-registry\2.2.1\maven-plugin-registry-2.2.1.jar;C:\Users\Iryna_Alyeksyeyeva\.m2\repository\org\codehaus\plexus\plexus-interpolation\1.11\plexus-interpolation-1.11.jar;C:\Users\Iryna_Alyeksyeyeva\.m2\repository\org\apache\maven\maven-model\2.2.1\maven-model-2.2.1.jar;C:\Users\Iryna_Alyeksyeyeva\.m2\repository\org\apache\maven\maven-core\2.2.1\maven-core-2.2.1.jar;C:\Users\Iryna_Alyeksyeyeva\.m2\repository\org\apache\maven\maven-plugin-parameter-documenter\2.2.1\maven-plugin-parameter-documenter-2.2.1.jar;C:\Users\Iryna_Alyeksyeyeva\.m2\repository\org\apache\maven\wagon\wagon-http\1.0-beta-6\wagon-http-1.0-beta-6.jar;C:\Users\Iryna_Alyeksyeyeva\.m2\repository\org\apache\maven\wagon\wagon-http-shared\1.0-beta-6\wagon-http-shared-1.0-beta-6.jar;C:\Users\Iryna_Alyeksyeyeva\.m2\repository\nekohtml\xercesMinimal\1.9.6.2\xercesMinimal-1.9.6.2.jar;C:\Users\Iryna_Alyeksyeyeva\.m2\repository\nekohtml\nekohtml\1.9.6.2\nekohtml-1.9.6.2.jar;C:\Users\Iryna_Alyeksyeyeva\.m2\repository\commons-httpclient\commons-httpclient\3.1\commons-httpclient-3.1.jar;C:\Users\Iryna_Alyeksyeyeva\.m2\repository\org\apache\maven\wagon\wagon-webdav-jackrabbit\1.0-beta-6\wagon-webdav-jackrabbit-1.0-beta-6.jar;C:\Users\Iryna_Alyeksyeyeva\.m2\repository\org\apache\jackrabbit\jackrabbit-webdav\1.5.0\jackrabbit-webdav-1.5.0.jar;C:\Users\Iryna_Alyeksyeyeva\.m2\repository\org\apache\jackrabbit\jackrabbit-jcr-commons\1.5.0\jackrabbit-jcr-commons-1.5.0.jar;C:\Users\Iryna_Alyeksyeyeva\.m2\repository\org\slf4j\slf4j-nop\1.5.3\slf4j-nop-1.5.3.jar;C:\Users\Iryna_Alyeksyeyeva\.m2\repository\org\slf4j\slf4j-jdk14\1.5.6\slf4j-jdk14-1.5.6.jar;C:\Users\Iryna_Alyeksyeyeva\.m2\repository\org\slf4j\slf4j-api\1.5.6\slf4j-api-1.5.6.jar;C:\Users\Iryna_Alyeksyeyeva\.m2\repository\org\slf4j\jcl-over-slf4j\1.5.6\jcl-over-slf4j-1.5.6.jar;C:\Users\Iryna_Alyeksyeyeva\.m2\repository\org\apache\maven\reporting\maven-reporting-api\2.2.1\maven-reporting-api-2.2.1.jar;C:\Users\Iryna_Alyeksyeyeva\.m2\repository\org\apache\maven\doxia\doxia-logging-api\1.1\doxia-logging-api-1.1.jar;C:\Users\Iryna_Alyeksyeyeva\.m2\repository\org\apache\maven\wagon\wagon-provider-api\1.0-beta-6\wagon-provider-api-1.0-beta-6.jar;C:\Users\Iryna_Alyeksyeyeva\.m2\repository\org\apache\maven\maven-repository-metadata\2.2.1\maven-repository-metadata-2.2.1.jar;C:\Users\Iryna_Alyeksyeyeva\.m2\repository\org\apache\maven\maven-error-diagnostics\2.2.1\maven-error-diagnostics-2.2.1.jar;C:\Users\Iryna_Alyeksyeyeva\.m2\repository\org\apache\maven\maven-monitor\2.2.1\maven-monitor-2.2.1.jar;C:\Users\Iryna_Alyeksyeyeva\.m2\repository\classworlds\classworlds\1.1\classworlds-1.1.jar;C:\Users\Iryna_Alyeksyeyeva\.m2\repository\org\sonatype\plexus\plexus-sec-dispatcher\1.3\plexus-sec-dispatcher-1.3.jar;C:\Users\Iryna_Alyeksyeyeva\.m2\repository\org\sonatype\plexus\plexus-cipher\1.4\plexus-cipher-1.4.jar;C:\Users\Iryna_Alyeksyeyeva\.m2\repository\org\apache\maven\maven-toolchain\2.2.1\maven-toolchain-2.2.1.jar;C:\Users\Iryna_Alyeksyeyeva\.m2\repository\org\uncommons\reportng\1.1.2\reportng-1.1.2.jar;C:\Users\Iryna_Alyeksyeyeva\.m2\repository\velocity\velocity\1.4\velocity-1.4.jar;C:\Users\Iryna_Alyeksyeyeva\.m2\repository\velocity\velocity-dep\1.4\velocity-dep-1.4.jar;C:\Users\Iryna_Alyeksyeyeva\.m2\repository\com\google\inject\guice\3.0\guice-3.0.jar;C:\Users\Iryna_Alyeksyeyeva\.m2\repository\javax\inject\javax.inject\1\javax.inject-1.jar;C:\Users\Iryna_Alyeksyeyeva\.m2\repository\aopalliance\aopalliance\1.0\aopalliance-1.0.jar;"/>
    <property name="java.vm.specification.version" value="1.8"/>
    <property name="sun.arch.data.model" value="64"/>
    <property name="java.home" value="C:\Program Files\Java\jdk1.8.0_144\jre"/>
    <property name="sun.java.command" value="C:\Users\IRYNA_~1\AppData\Local\Temp\surefirebooter7817552586639978895.jar C:\Users\IRYNA_~1\AppData\Local\Temp\surefire70464039613820933tmp C:\Users\IRYNA_~1\AppData\Local\Temp\surefire5117869685525549980tmp"/>
    <property name="java.specification.vendor" value="Oracle Corporation"/>
    <property name="user.language" value="en"/>
    <property name="awt.toolkit" value="sun.awt.windows.WToolkit"/>
    <property name="java.vm.info" value="mixed mode"/>
    <property name="java.version" value="1.8.0_144"/>
    <property name="java.ext.dirs" value="C:\Program Files\Java\jdk1.8.0_144\jre\lib\ext;C:\WINDOWS\Sun\Java\lib\ext"/>
    <property name="sun.boot.class.path" value="C:\Program Files\Java\jdk1.8.0_144\jre\lib\resources.jar;C:\Program Files\Java\jdk1.8.0_144\jre\lib\rt.jar;C:\Program Files\Java\jdk1.8.0_144\jre\lib\sunrsasign.jar;C:\Program Files\Java\jdk1.8.0_144\jre\lib\jsse.jar;C:\Program Files\Java\jdk1.8.0_144\jre\lib\jce.jar;C:\Program Files\Java\jdk1.8.0_144\jre\lib\charsets.jar;C:\Program Files\Java\jdk1.8.0_144\jre\lib\jfr.jar;C:\Program Files\Java\jdk1.8.0_144\jre\classes"/>
    <property name="webdriver.chrome.driver" value="src/main/resources/chromedriver.exe"/>
    <property name="java.vendor" value="Oracle Corporation"/>
    <property name="localRepository" value="C:\Users\Iryna_Alyeksyeyeva\.m2\repository"/>
    <property name="file.separator" value="\"/>
    <property name="java.vendor.url.bug" value="http://bugreport.sun.com/bugreport/"/>
    <property name="sun.cpu.endian" value="little"/>
    <property name="sun.io.unicode.encoding" value="UnicodeLittle"/>
    <property name="sun.desktop" value="windows"/>
    <property name="sun.cpu.isalist" value="amd64"/>
  </properties>
  <testcase classname="com.epam.lab.LoginTest" name="someFailedTest" time="0.006">
    <failure message="expected [4] but found [5]" type="java.lang.AssertionError">java.lang.AssertionError: expected [4] but found [5]
	at org.testng.Assert.fail(Assert.java:93)
	at org.testng.Assert.failNotEquals(Assert.java:512)
	at org.testng.Assert.assertEqualsImpl(Assert.java:134)
	at org.testng.Assert.assertEquals(Assert.java:115)
	at org.testng.Assert.assertEquals(Assert.java:388)
	at org.testng.Assert.assertEquals(Assert.java:398)
	at com.epam.lab.LoginTest.someFailedTest(LoginTest.java:52)
</failure>
  </testcase>
  <testcase classname="com.epam.lab.LoginTest" name="verifyLogin" time="22.853"/>
  <testcase classname="com.epam.lab.LoginTest" name="verifyLogin" time="24.574"/>
  <testcase classname="com.epam.lab.LoginTest" name="verifyLogin" time="24.965"/>
  <testcase classname="com.epam.lab.LoginTest" name="verifyLogin" time="29.379"/>
  <testcase classname="com.epam.lab.UITest" name="verifyUndo" time="14.305">
    <failure message="unknown error: Element &lt;div role=&quot;button&quot; id=&quot;passwordNext&quot; class=&quot;O0WRkf zZhnYe e3Duub C0oVfc Zp5qWd Hj2jlf dKVcQ&quot; jscontroller=&quot;VXdfxd&quot; jsaction=&quot;click:cOuCgd; mousedown:UX7yZ; mouseup:lbsD7e; mouseenter:tfO1Yc; mouseleave:JywGue;touchstart:p6p2H; touchmove:FwuNnf; touchend:yfqBxc(preventMouseEvents=true|preventDefault=true); touchcancel:JMtRjd;focus:AHmuwe; blur:O22p3e; contextmenu:mg9Pef;&quot; jsshadow=&quot;&quot; jsname=&quot;tJiF1e&quot; aria-disabled=&quot;false&quot; tabindex=&quot;0&quot;&gt;...&lt;/div&gt; is not clickable at point (605, 493). Other element would receive the click: &lt;div class=&quot;ANuIbb IdAqtf&quot; jsname=&quot;k4HEge&quot; tabindex=&quot;0&quot;&gt;&lt;/div&gt;
  (Session info: chrome=61.0.3163.100)
  (Driver info: chromedriver=2.32.498550 (9dec58e66c31bcc53a9ce3c7226f0c1c5810906a),platform=Windows NT 10.0.15063 x86_64) (WARNING: The server did not provide any stacktrace information)
Command duration or timeout: 0 milliseconds
Build info: version: &apos;3.6.0&apos;, revision: &apos;6fbf3ec767&apos;, time: &apos;2017-09-27T15:28:36.4Z&apos;
System info: host: &apos;EPUALVIW0811&apos;, ip: &apos;10.25.33.93&apos;, os.name: &apos;Windows 10&apos;, os.arch: &apos;amd64&apos;, os.version: &apos;10.0&apos;, java.version: &apos;1.8.0_144&apos;
Driver info: com.epam.lab.util.WebDriverSingleton$1
Capabilities [{mobileEmulationEnabled=false, hasTouchScreen=false, platform=XP, acceptSslCerts=true, webStorageEnabled=true, browserName=chrome, takesScreenshot=true, javascriptEnabled=true, platformName=XP, setWindowRect=true, unexpectedAlertBehaviour=, applicationCacheEnabled=false, rotatable=false, networkConnectionEnabled=false, chrome={chromedriverVersion=2.32.498550 (9dec58e66c31bcc53a9ce3c7226f0c1c5810906a), userDataDir=C:\Users\IRYNA_~1\AppData\Local\Temp\scoped_dir3680_10139}, takesHeapSnapshot=true, pageLoadStrategy=normal, unhandledPromptBehavior=, databaseEnabled=false, handlesAlerts=true, version=61.0.3163.100, browserConnectionEnabled=false, nativeEvents=true, locationContextEnabled=true, cssSelectorsEnabled=true}]
Session ID: 60d79ceb49fc211544f6b9ef2b8f76e0" type="org.openqa.selenium.WebDriverException">org.openqa.selenium.WebDriverException: unknown error: Element &lt;div role=&quot;button&quot; id=&quot;passwordNext&quot; class=&quot;O0WRkf zZhnYe e3Duub C0oVfc Zp5qWd Hj2jlf dKVcQ&quot; jscontroller=&quot;VXdfxd&quot; jsaction=&quot;click:cOuCgd; mousedown:UX7yZ; mouseup:lbsD7e; mouseenter:tfO1Yc; mouseleave:JywGue;touchstart:p6p2H; touchmove:FwuNnf; touchend:yfqBxc(preventMouseEvents=true|preventDefault=true); touchcancel:JMtRjd;focus:AHmuwe; blur:O22p3e; contextmenu:mg9Pef;&quot; jsshadow=&quot;&quot; jsname=&quot;tJiF1e&quot; aria-disabled=&quot;false&quot; tabindex=&quot;0&quot;&gt;...&lt;/div&gt; is not clickable at point (605, 493). Other element would receive the click: &lt;div class=&quot;ANuIbb IdAqtf&quot; jsname=&quot;k4HEge&quot; tabindex=&quot;0&quot;&gt;&lt;/div&gt;
  (Session info: chrome=61.0.3163.100)
  (Driver info: chromedriver=2.32.498550 (9dec58e66c31bcc53a9ce3c7226f0c1c5810906a),platform=Windows NT 10.0.15063 x86_64) (WARNING: The server did not provide any stacktrace information)
Command duration or timeout: 0 milliseconds
Build info: version: &apos;3.6.0&apos;, revision: &apos;6fbf3ec767&apos;, time: &apos;2017-09-27T15:28:36.4Z&apos;
System info: host: &apos;EPUALVIW0811&apos;, ip: &apos;10.25.33.93&apos;, os.name: &apos;Windows 10&apos;, os.arch: &apos;amd64&apos;, os.version: &apos;10.0&apos;, java.version: &apos;1.8.0_144&apos;
Driver info: com.epam.lab.util.WebDriverSingleton$1
Capabilities [{mobileEmulationEnabled=false, hasTouchScreen=false, platform=XP, acceptSslCerts=true, webStorageEnabled=true, browserName=chrome, takesScreenshot=true, javascriptEnabled=true, platformName=XP, setWindowRect=true, unexpectedAlertBehaviour=, applicationCacheEnabled=false, rotatable=false, networkConnectionEnabled=false, chrome={chromedriverVersion=2.32.498550 (9dec58e66c31bcc53a9ce3c7226f0c1c5810906a), userDataDir=C:\Users\IRYNA_~1\AppData\Local\Temp\scoped_dir3680_10139}, takesHeapSnapshot=true, pageLoadStrategy=normal, unhandledPromptBehavior=, databaseEnabled=false, handlesAlerts=true, version=61.0.3163.100, browserConnectionEnabled=false, nativeEvents=true, locationContextEnabled=true, cssSelectorsEnabled=true}]
Session ID: 60d79ceb49fc211544f6b9ef2b8f76e0
	at sun.reflect.NativeConstructorAccessorImpl.newInstance0(Native Method)
	at sun.reflect.NativeConstructorAccessorImpl.newInstance(NativeConstructorAccessorImpl.java:62)
	at sun.reflect.DelegatingConstructorAccessorImpl.newInstance(DelegatingConstructorAccessorImpl.java:45)
	at java.lang.reflect.Constructor.newInstance(Constructor.java:423)
	at org.openqa.selenium.remote.ErrorHandler.createThrowable(ErrorHandler.java:214)
	at org.openqa.selenium.remote.ErrorHandler.throwIfResponseFailed(ErrorHandler.java:166)
	at org.openqa.selenium.remote.http.JsonHttpResponseCodec.reconstructValue(JsonHttpResponseCodec.java:40)
	at org.openqa.selenium.remote.http.AbstractHttpResponseCodec.decode(AbstractHttpResponseCodec.java:82)
	at org.openqa.selenium.remote.http.AbstractHttpResponseCodec.decode(AbstractHttpResponseCodec.java:45)
	at org.openqa.selenium.remote.HttpCommandExecutor.execute(HttpCommandExecutor.java:164)
	at org.openqa.selenium.remote.service.DriverCommandExecutor.execute(DriverCommandExecutor.java:83)
	at org.openqa.selenium.remote.RemoteWebDriver.execute(RemoteWebDriver.java:586)
	at org.openqa.selenium.remote.RemoteWebElement.execute(RemoteWebElement.java:279)
	at org.openqa.selenium.remote.RemoteWebElement.click(RemoteWebElement.java:83)
	at sun.reflect.NativeMethodAccessorImpl.invoke0(Native Method)
	at sun.reflect.NativeMethodAccessorImpl.invoke(NativeMethodAccessorImpl.java:62)
	at sun.reflect.DelegatingMethodAccessorImpl.invoke(DelegatingMethodAccessorImpl.java:43)
	at java.lang.reflect.Method.invoke(Method.java:498)
	at org.openqa.selenium.support.pagefactory.internal.LocatingElementHandler.invoke(LocatingElementHandler.java:51)
	at com.sun.proxy.$Proxy13.click(Unknown Source)
	at com.epam.lab.element.ElementWeb.click(ElementWeb.java:13)
	at com.epam.lab.page.GmailPasswordPage.clickNext(GmailPasswordPage.java:33)
	at com.epam.lab.businessobject.EnterGmail.loginGmail(EnterGmail.java:19)
	at com.epam.lab.UITest.verifyUndo(UITest.java:46)
</failure>
  </testcase>
  <testcase classname="com.epam.lab.UITest" name="verifyUndo" time="20.534"/>
  <testcase classname="com.epam.lab.UITest" name="verifyUndo" time="23.521"/>
  <testcase classname="com.epam.lab.UITest" name="verifyUndo" time="26.407"/>
</testsuite>